0 info it worked if it ends with ok
1 verbose cli [ 'node', '/usr/local/bin/npm', 'publish', '.', '--force' ]
2 info using npm@1.1.59
3 info using node@v0.8.6
4 verbose publish [ '.' ]
5 verbose read json /home/chang/program/mygit/pomelo-core/package.json
6 verbose cache add [ '.', null ]
7 silly cache add name=undefined spec="." args=[".",null]
8 verbose parsed url { pathname: '.', path: '.', href: '.' }
9 silly lockFile 3a52ce78- .
10 verbose lock . /home/chang/.npm/3a52ce78-.lock
11 verbose read json package.json
12 verbose tar pack [ '/home/chang/tmp/npm-14262/1350629409074-0.2928815477062017/tmp.tgz',
12 verbose tar pack   '.' ]
13 verbose tarball /home/chang/tmp/npm-14262/1350629409074-0.2928815477062017/tmp.tgz
14 verbose folder .
15 info prepublish pomelo@0.1.81
16 silly lockFile d7629a6e-09074-0-2928815477062017-tmp-tgz /home/chang/tmp/npm-14262/1350629409074-0.2928815477062017/tmp.tgz
17 verbose lock /home/chang/tmp/npm-14262/1350629409074-0.2928815477062017/tmp.tgz /home/chang/.npm/d7629a6e-09074-0-2928815477062017-tmp-tgz.lock
18 silly lockFile d7629a6e-09074-0-2928815477062017-tmp-tgz /home/chang/tmp/npm-14262/1350629409074-0.2928815477062017/tmp.tgz
19 verbose tar unpack /home/chang/tmp/npm-14262/1350629409074-0.2928815477062017/tmp.tgz
20 silly lockFile 006dfb96-09074-0-2928815477062017-package /home/chang/tmp/npm-14262/1350629409074-0.2928815477062017/package
21 verbose lock /home/chang/tmp/npm-14262/1350629409074-0.2928815477062017/package /home/chang/.npm/006dfb96-09074-0-2928815477062017-package.lock
22 silly gunzTarPerm modes [ '777', '666' ]
23 silly gunzTarPerm extractEntry package.json
24 silly gunzTarPerm modified mode [ 'package.json', 436, 438 ]
25 silly gunzTarPerm extractEntry README.md
26 silly gunzTarPerm modified mode [ 'README.md', 436, 438 ]
27 silly gunzTarPerm extractEntry LICENSE
28 silly gunzTarPerm modified mode [ 'LICENSE', 436, 438 ]
29 silly gunzTarPerm extractEntry index.js
30 silly gunzTarPerm modified mode [ 'index.js', 436, 438 ]
31 silly gunzTarPerm extractEntry template/web-server/package.json
32 silly gunzTarPerm modified mode [ 'template/web-server/package.json', 436, 438 ]
33 silly gunzTarPerm extractEntry template/web-server/app.js
34 silly gunzTarPerm modified mode [ 'template/web-server/app.js', 436, 438 ]
35 silly gunzTarPerm extractEntry template/web-server/public/css/base.css
36 silly gunzTarPerm modified mode [ 'template/web-server/public/css/base.css', 436, 438 ]
37 silly gunzTarPerm extractEntry template/web-server/public/image/sp.png
38 silly gunzTarPerm modified mode [ 'template/web-server/public/image/sp.png', 436, 438 ]
39 silly gunzTarPerm extractEntry template/web-server/public/image/logo.png
40 silly gunzTarPerm modified mode [ 'template/web-server/public/image/logo.png', 436, 438 ]
41 silly gunzTarPerm extractEntry template/web-server/public/index.html
42 silly gunzTarPerm modified mode [ 'template/web-server/public/index.html', 436, 438 ]
43 silly gunzTarPerm extractEntry template/web-server/public/js/lib/socket.io.js
44 silly gunzTarPerm modified mode [ 'template/web-server/public/js/lib/socket.io.js', 436, 438 ]
45 silly gunzTarPerm extractEntry template/web-server/public/js/lib/protocol.js
46 silly gunzTarPerm modified mode [ 'template/web-server/public/js/lib/protocol.js', 436, 438 ]
47 silly gunzTarPerm extractEntry template/web-server/public/js/lib/pomeloclient.js
48 silly gunzTarPerm modified mode [ 'template/web-server/public/js/lib/pomeloclient.js', 436, 438 ]
49 silly gunzTarPerm extractEntry template/web-server/public/js/lib/events.js
50 silly gunzTarPerm modified mode [ 'template/web-server/public/js/lib/events.js', 436, 438 ]
51 silly gunzTarPerm extractEntry template/game-server/package.json
52 silly gunzTarPerm modified mode [ 'template/game-server/package.json', 436, 438 ]
53 silly gunzTarPerm extractEntry template/game-server/app.js
54 silly gunzTarPerm modified mode [ 'template/game-server/app.js', 436, 438 ]
55 silly gunzTarPerm extractEntry template/game-server/config/master.json
56 silly gunzTarPerm modified mode [ 'template/game-server/config/master.json', 436, 438 ]
57 silly gunzTarPerm extractEntry template/game-server/config/log4js.json
58 silly gunzTarPerm modified mode [ 'template/game-server/config/log4js.json', 436, 438 ]
59 silly gunzTarPerm extractEntry template/game-server/config/servers.json
60 silly gunzTarPerm modified mode [ 'template/game-server/config/servers.json', 436, 438 ]
61 silly gunzTarPerm extractEntry template/npm-install.sh
62 silly gunzTarPerm modified mode [ 'template/npm-install.sh', 509, 511 ]
63 silly gunzTarPerm extractEntry lib/index.js
64 silly gunzTarPerm modified mode [ 'lib/index.js', 436, 438 ]
65 silly gunzTarPerm extractEntry lib/pomelo.js
66 silly gunzTarPerm modified mode [ 'lib/pomelo.js', 436, 438 ]
67 silly gunzTarPerm extractEntry lib/handlerManager.js
68 silly gunzTarPerm modified mode [ 'lib/handlerManager.js', 436, 438 ]
69 silly gunzTarPerm extractEntry lib/filterManager.js
70 silly gunzTarPerm modified mode [ 'lib/filterManager.js', 436, 438 ]
71 silly gunzTarPerm extractEntry lib/application.js
72 silly gunzTarPerm modified mode [ 'lib/application.js', 436, 438 ]
73 silly gunzTarPerm extractEntry lib/util/log.js
74 silly gunzTarPerm modified mode [ 'lib/util/log.js', 436, 438 ]
75 silly gunzTarPerm extractEntry lib/util/msgUtil.js
76 silly gunzTarPerm modified mode [ 'lib/util/msgUtil.js', 436, 438 ]
77 silly gunzTarPerm extractEntry lib/util/countDownLatch.js
78 silly gunzTarPerm modified mode [ 'lib/util/countDownLatch.js', 436, 438 ]
79 silly gunzTarPerm extractEntry lib/util/protocol.js
80 silly gunzTarPerm modified mode [ 'lib/util/protocol.js', 436, 438 ]
81 silly gunzTarPerm extractEntry lib/util/utils.js
82 silly gunzTarPerm modified mode [ 'lib/util/utils.js', 436, 438 ]
83 silly gunzTarPerm extractEntry lib/util/pathUtil.js
84 silly gunzTarPerm modified mode [ 'lib/util/pathUtil.js', 436, 438 ]
85 silly gunzTarPerm extractEntry lib/common/service/mockSessionService.js
86 silly gunzTarPerm modified mode [ 'lib/common/service/mockSessionService.js', 436, 438 ]
87 silly gunzTarPerm extractEntry lib/common/service/channelService.js
88 silly gunzTarPerm modified mode [ 'lib/common/service/channelService.js', 436, 438 ]
89 silly gunzTarPerm extractEntry lib/common/service/connectionService.js
90 silly gunzTarPerm modified mode [ 'lib/common/service/connectionService.js', 436, 438 ]
91 silly gunzTarPerm extractEntry lib/common/service/channelManager.js
92 silly gunzTarPerm modified mode [ 'lib/common/service/channelManager.js', 436, 438 ]
93 silly gunzTarPerm extractEntry lib/common/service/schedulerService.js
94 silly gunzTarPerm modified mode [ 'lib/common/service/schedulerService.js', 436, 438 ]
95 silly gunzTarPerm extractEntry lib/common/service/taskManager.js
96 silly gunzTarPerm modified mode [ 'lib/common/service/taskManager.js', 436, 438 ]
97 silly gunzTarPerm extractEntry lib/common/service/sessionService.js
98 silly gunzTarPerm modified mode [ 'lib/common/service/sessionService.js', 436, 438 ]
99 silly gunzTarPerm extractEntry lib/common/remote/frontend/channelRemote.js
100 silly gunzTarPerm modified mode [ 'lib/common/remote/frontend/channelRemote.js', 436, 438 ]
101 silly gunzTarPerm extractEntry lib/common/remote/frontend/sessionRemote.js
102 silly gunzTarPerm modified mode [ 'lib/common/remote/frontend/sessionRemote.js', 436, 438 ]
103 silly gunzTarPerm extractEntry lib/common/remote/backend/msgRemote.js
104 silly gunzTarPerm modified mode [ 'lib/common/remote/backend/msgRemote.js', 436, 438 ]
105 silly gunzTarPerm extractEntry lib/modules/starter.js
106 silly gunzTarPerm modified mode [ 'lib/modules/starter.js', 436, 438 ]
107 silly gunzTarPerm extractEntry lib/client/client.js
108 silly gunzTarPerm modified mode [ 'lib/client/client.js', 436, 438 ]
109 silly gunzTarPerm extractEntry lib/master/starter.js
110 silly gunzTarPerm modified mode [ 'lib/master/starter.js', 436, 438 ]
111 silly gunzTarPerm extractEntry lib/master/master.js
112 silly gunzTarPerm modified mode [ 'lib/master/master.js', 436, 438 ]
113 silly gunzTarPerm extractEntry lib/components/server.js
114 silly gunzTarPerm modified mode [ 'lib/components/server.js', 436, 438 ]
115 silly gunzTarPerm extractEntry lib/components/remote.js
116 silly gunzTarPerm modified mode [ 'lib/components/remote.js', 436, 438 ]
117 silly gunzTarPerm extractEntry lib/components/proxy.js
118 silly gunzTarPerm modified mode [ 'lib/components/proxy.js', 436, 438 ]
119 silly gunzTarPerm extractEntry lib/components/connection.js
120 silly gunzTarPerm modified mode [ 'lib/components/connection.js', 436, 438 ]
121 silly gunzTarPerm extractEntry lib/components/handler.js
122 silly gunzTarPerm modified mode [ 'lib/components/handler.js', 436, 438 ]
123 silly gunzTarPerm extractEntry lib/components/monitor.js
124 silly gunzTarPerm modified mode [ 'lib/components/monitor.js', 436, 438 ]
125 silly gunzTarPerm extractEntry lib/components/master.js
126 silly gunzTarPerm modified mode [ 'lib/components/master.js', 436, 438 ]
127 silly gunzTarPerm extractEntry lib/components/sync.js
128 silly gunzTarPerm modified mode [ 'lib/components/sync.js', 436, 438 ]
129 silly gunzTarPerm extractEntry lib/filters/handler/timeFilter.js
130 silly gunzTarPerm modified mode [ 'lib/filters/handler/timeFilter.js', 436, 438 ]
131 silly gunzTarPerm extractEntry lib/filters/handler/serialFilter.js
132 silly gunzTarPerm modified mode [ 'lib/filters/handler/serialFilter.js', 436, 438 ]
133 silly gunzTarPerm extractEntry lib/filters/handler/timeoutFilter.js
134 silly gunzTarPerm modified mode [ 'lib/filters/handler/timeoutFilter.js', 436, 438 ]
135 silly gunzTarPerm extractEntry lib/filters/rpc/rpcLogFilter.js
136 silly gunzTarPerm modified mode [ 'lib/filters/rpc/rpcLogFilter.js', 436, 438 ]
137 silly gunzTarPerm extractEntry lib/server/server.js
138 silly gunzTarPerm modified mode [ 'lib/server/server.js', 436, 438 ]
139 silly gunzTarPerm extractEntry lib/monitor/monitor.js
140 silly gunzTarPerm modified mode [ 'lib/monitor/monitor.js', 436, 438 ]
141 silly gunzTarPerm extractEntry bin/pomelo
142 silly gunzTarPerm modified mode [ 'bin/pomelo', 509, 511 ]
143 silly gunzTarPerm extractEntry test/pomeloTest.js
144 silly gunzTarPerm modified mode [ 'test/pomeloTest.js', 436, 438 ]
145 silly gunzTarPerm extractEntry test/handlerManagerTest.js
146 silly gunzTarPerm modified mode [ 'test/handlerManagerTest.js', 436, 438 ]
147 silly gunzTarPerm extractEntry test/applicationTest.js
148 silly gunzTarPerm modified mode [ 'test/applicationTest.js', 436, 438 ]
149 silly gunzTarPerm extractEntry test/filterManagerTest.js
150 silly gunzTarPerm modified mode [ 'test/filterManagerTest.js', 436, 438 ]
151 silly gunzTarPerm extractEntry test/service/channelManagerTest.js
152 silly gunzTarPerm modified mode [ 'test/service/channelManagerTest.js', 436, 438 ]
153 silly gunzTarPerm extractEntry test/service/mockSessionServiceTest.js
154 silly gunzTarPerm modified mode [ 'test/service/mockSessionServiceTest.js', 436, 438 ]
155 silly gunzTarPerm extractEntry test/service/sessionServiceTest.js
156 silly gunzTarPerm modified mode [ 'test/service/sessionServiceTest.js', 436, 438 ]
157 silly gunzTarPerm extractEntry test/service/statusServiceTest.js
158 silly gunzTarPerm modified mode [ 'test/service/statusServiceTest.js', 436, 438 ]
159 silly gunzTarPerm extractEntry test/config/log4js.json
160 silly gunzTarPerm modified mode [ 'test/config/log4js.json', 436, 438 ]
161 silly gunzTarPerm extractEntry test/config/servers.json
162 silly gunzTarPerm modified mode [ 'test/config/servers.json', 436, 438 ]
163 silly gunzTarPerm extractEntry test/config/area/handler/userHandler.js
164 silly gunzTarPerm modified mode [ 'test/config/area/handler/userHandler.js', 436, 438 ]
165 silly gunzTarPerm extractEntry test/config/area/handler/treasureHandler.js
166 silly gunzTarPerm modified mode [ 'test/config/area/handler/treasureHandler.js', 436, 438 ]
167 silly gunzTarPerm extractEntry test/config/area/remote/treasureService.js
168 silly gunzTarPerm modified mode [ 'test/config/area/remote/treasureService.js', 436, 438 ]
169 silly gunzTarPerm extractEntry test/config/area/remote/userService.js
170 silly gunzTarPerm modified mode [ 'test/config/area/remote/userService.js', 436, 438 ]
171 silly gunzTarPerm extractEntry test/util/countDownLatchTest.js
172 silly gunzTarPerm modified mode [ 'test/util/countDownLatchTest.js', 436, 438 ]
173 silly gunzTarPerm extractEntry test/util/logTest.js
174 silly gunzTarPerm modified mode [ 'test/util/logTest.js', 436, 438 ]
175 silly gunzTarPerm extractEntry Makefile
176 silly gunzTarPerm modified mode [ 'Makefile', 436, 438 ]
177 silly gunzTarPerm extractEntry scripts/getServerId.js
178 silly gunzTarPerm modified mode [ 'scripts/getServerId.js', 436, 438 ]
179 silly gunzTarPerm extractEntry scripts/getSenceUser.js
180 silly gunzTarPerm modified mode [ 'scripts/getSenceUser.js', 436, 438 ]
181 silly gunzTarPerm extractEntry scripts/getSystemInfo.js
182 silly gunzTarPerm modified mode [ 'scripts/getSystemInfo.js', 436, 438 ]
183 verbose read json /home/chang/tmp/npm-14262/1350629409074-0.2928815477062017/package/package.json
184 silly lockFile 006dfb96-09074-0-2928815477062017-package /home/chang/tmp/npm-14262/1350629409074-0.2928815477062017/package
185 verbose from cache /home/chang/tmp/npm-14262/1350629409074-0.2928815477062017/package/package.json
186 verbose tar pack [ '/home/chang/.npm/pomelo/0.1.81/package.tgz',
186 verbose tar pack   '/home/chang/tmp/npm-14262/1350629409074-0.2928815477062017/package' ]
187 verbose tarball /home/chang/.npm/pomelo/0.1.81/package.tgz
188 verbose folder /home/chang/tmp/npm-14262/1350629409074-0.2928815477062017/package
189 silly lockFile 99531ad0-ng-npm-pomelo-0-1-81-package-tgz /home/chang/.npm/pomelo/0.1.81/package.tgz
190 verbose lock /home/chang/.npm/pomelo/0.1.81/package.tgz /home/chang/.npm/99531ad0-ng-npm-pomelo-0-1-81-package-tgz.lock
191 silly lockFile 99531ad0-ng-npm-pomelo-0-1-81-package-tgz /home/chang/.npm/pomelo/0.1.81/package.tgz
192 silly lockFile 86c482a4--chang-npm-pomelo-0-1-81-package /home/chang/.npm/pomelo/0.1.81/package
193 verbose lock /home/chang/.npm/pomelo/0.1.81/package /home/chang/.npm/86c482a4--chang-npm-pomelo-0-1-81-package.lock
194 silly lockFile 86c482a4--chang-npm-pomelo-0-1-81-package /home/chang/.npm/pomelo/0.1.81/package
195 verbose tar unpack /home/chang/.npm/pomelo/0.1.81/package.tgz
196 silly lockFile 86c482a4--chang-npm-pomelo-0-1-81-package /home/chang/.npm/pomelo/0.1.81/package
197 verbose lock /home/chang/.npm/pomelo/0.1.81/package /home/chang/.npm/86c482a4--chang-npm-pomelo-0-1-81-package.lock
198 silly gunzTarPerm modes [ '777', '666' ]
199 silly gunzTarPerm extractEntry package.json
200 silly gunzTarPerm extractEntry README.md
201 silly gunzTarPerm extractEntry LICENSE
202 silly gunzTarPerm extractEntry index.js
203 silly gunzTarPerm extractEntry scripts/getServerId.js
204 silly gunzTarPerm extractEntry scripts/getSenceUser.js
205 silly gunzTarPerm extractEntry scripts/getSystemInfo.js
206 silly gunzTarPerm extractEntry lib/index.js
207 silly gunzTarPerm extractEntry lib/pomelo.js
208 silly gunzTarPerm extractEntry lib/handlerManager.js
209 silly gunzTarPerm extractEntry lib/filterManager.js
210 silly gunzTarPerm extractEntry lib/application.js
211 silly gunzTarPerm extractEntry lib/util/log.js
212 silly gunzTarPerm extractEntry lib/util/msgUtil.js
213 silly gunzTarPerm extractEntry lib/util/countDownLatch.js
214 silly gunzTarPerm extractEntry lib/util/protocol.js
215 silly gunzTarPerm extractEntry lib/util/utils.js
216 silly gunzTarPerm extractEntry lib/util/pathUtil.js
217 silly gunzTarPerm extractEntry lib/common/service/mockSessionService.js
218 silly gunzTarPerm extractEntry lib/common/service/channelService.js
219 silly gunzTarPerm extractEntry lib/common/service/connectionService.js
220 silly gunzTarPerm extractEntry lib/common/service/channelManager.js
221 silly gunzTarPerm extractEntry lib/common/service/schedulerService.js
222 silly gunzTarPerm extractEntry lib/common/service/taskManager.js
223 silly gunzTarPerm extractEntry lib/common/service/sessionService.js
224 silly gunzTarPerm extractEntry lib/common/remote/frontend/channelRemote.js
225 silly gunzTarPerm extractEntry lib/common/remote/frontend/sessionRemote.js
226 silly gunzTarPerm extractEntry lib/common/remote/backend/msgRemote.js
227 silly gunzTarPerm extractEntry lib/modules/starter.js
228 silly gunzTarPerm extractEntry lib/client/client.js
229 silly gunzTarPerm extractEntry lib/master/starter.js
230 silly gunzTarPerm extractEntry lib/master/master.js
231 silly gunzTarPerm extractEntry lib/components/server.js
232 silly gunzTarPerm extractEntry lib/components/remote.js
233 silly gunzTarPerm extractEntry lib/components/proxy.js
234 silly gunzTarPerm extractEntry lib/components/connection.js
235 silly gunzTarPerm extractEntry lib/components/handler.js
236 silly gunzTarPerm extractEntry lib/components/monitor.js
237 silly gunzTarPerm extractEntry lib/components/master.js
238 silly gunzTarPerm extractEntry lib/components/sync.js
239 silly gunzTarPerm extractEntry lib/filters/handler/timeFilter.js
240 silly gunzTarPerm extractEntry lib/filters/handler/serialFilter.js
241 silly gunzTarPerm extractEntry lib/filters/handler/timeoutFilter.js
242 silly gunzTarPerm extractEntry lib/filters/rpc/rpcLogFilter.js
243 silly gunzTarPerm extractEntry lib/server/server.js
244 silly gunzTarPerm extractEntry lib/monitor/monitor.js
245 silly gunzTarPerm extractEntry Makefile
246 silly gunzTarPerm extractEntry template/web-server/package.json
247 silly gunzTarPerm extractEntry template/web-server/app.js
248 silly gunzTarPerm extractEntry template/web-server/public/css/base.css
249 silly gunzTarPerm extractEntry template/web-server/public/image/sp.png
250 silly gunzTarPerm extractEntry template/web-server/public/image/logo.png
251 silly gunzTarPerm extractEntry template/web-server/public/index.html
252 silly gunzTarPerm extractEntry template/web-server/public/js/lib/socket.io.js
253 silly gunzTarPerm extractEntry template/web-server/public/js/lib/protocol.js
254 silly gunzTarPerm extractEntry template/web-server/public/js/lib/pomeloclient.js
255 silly gunzTarPerm extractEntry template/web-server/public/js/lib/events.js
256 silly gunzTarPerm extractEntry template/game-server/package.json
257 silly gunzTarPerm extractEntry template/game-server/app.js
258 silly gunzTarPerm extractEntry template/game-server/config/master.json
259 silly gunzTarPerm extractEntry template/game-server/config/log4js.json
260 silly gunzTarPerm extractEntry template/game-server/config/servers.json
261 silly gunzTarPerm extractEntry template/npm-install.sh
262 silly gunzTarPerm extractEntry bin/pomelo
263 silly gunzTarPerm extractEntry test/pomeloTest.js
264 silly gunzTarPerm extractEntry test/handlerManagerTest.js
265 silly gunzTarPerm extractEntry test/applicationTest.js
266 silly gunzTarPerm extractEntry test/filterManagerTest.js
267 silly gunzTarPerm extractEntry test/service/channelManagerTest.js
268 silly gunzTarPerm extractEntry test/service/mockSessionServiceTest.js
269 silly gunzTarPerm extractEntry test/service/sessionServiceTest.js
270 silly gunzTarPerm extractEntry test/service/statusServiceTest.js
271 silly gunzTarPerm extractEntry test/config/log4js.json
272 silly gunzTarPerm extractEntry test/config/servers.json
273 silly gunzTarPerm extractEntry test/config/area/handler/userHandler.js
274 silly gunzTarPerm extractEntry test/config/area/handler/treasureHandler.js
275 silly gunzTarPerm extractEntry test/config/area/remote/treasureService.js
276 silly gunzTarPerm extractEntry test/config/area/remote/userService.js
277 silly gunzTarPerm extractEntry test/util/countDownLatchTest.js
278 silly gunzTarPerm extractEntry test/util/logTest.js
279 verbose read json /home/chang/.npm/pomelo/0.1.81/package/package.json
280 silly lockFile 86c482a4--chang-npm-pomelo-0-1-81-package /home/chang/.npm/pomelo/0.1.81/package
281 silly shasum updated bytes 40960
282 silly shasum updated bytes 33684
283 info shasum 647bc832980ed01f098f1c5c1d602690815d29ee
283 info shasum /home/chang/.npm/pomelo/0.1.81/package.tgz
284 verbose from cache /home/chang/.npm/pomelo/0.1.81/package/package.json
285 verbose chmod /home/chang/.npm/pomelo/0.1.81/package.tgz 666
286 verbose chown /home/chang/.npm/pomelo/0.1.81/package.tgz [ 1000, 1000 ]
287 silly lockFile 3a52ce78- .
288 silly publish { name: 'pomelo',
288 silly publish   version: '0.1.81',
288 silly publish   private: false,
288 silly publish   dependencies:
288 silly publish    { express: '2.5.2',
288 silly publish      log4js: '>= 0.4.1',
288 silly publish      'socket.io': '>=0.9.4',
288 silly publish      'pomelo-schedule': '>=0.3.3',
288 silly publish      'pomelo-monitor': '>=0.2.7',
288 silly publish      'aoi-service': '=0.1.2',
288 silly publish      'data-sync': '>=0.0.13',
288 silly publish      'v8-profiler': '>=3.6.2-1',
288 silly publish      'generic-pool': '>=1.0.9',
288 silly publish      async: '>=0.0.1',
288 silly publish      'seq-queue': '>=0.0.4',
288 silly publish      underscore: '>=1.3.1',
288 silly publish      'socket.io-client': '>=0.9.4',
288 silly publish      crc: '>=0.0.1',
288 silly publish      'pomelo-loader': '>=0.0.4',
288 silly publish      'pomelo-rpc': '>=0.0.10',
288 silly publish      'pomelo-protocol': '>=0.0.3',
288 silly publish      'pomelo-admin': '>=0.0.1',
288 silly publish      'pomelo-logger': '0.0.2' },
288 silly publish   bin: { pomelo: './bin/pomelo' },
288 silly publish   devDependencies: { should: '>=0.0.1', mocha: '>=0.0.1' },
288 silly publish   readme: '## pomelo - a Short Description\n\nFast, scalable game server framework for  [node](http://nodejs.org).\nPomelo provides a full stack of game(especially MMO) server development infrastructure, including framework, libraries and tools.\n\n  * Homepage: http://nodejs.netease.com/pomelo\n  * Mailing list: http://groups.google.com/group/pomelo\n  * Documentation: http://node.js.netease.com/pomelo/doc\n  * go to [main site](http://nodejs.netease.com/pomelo) for more information\n  * Wiki: http://github.com/node-pomelo/pomelo/wiki\n  * Issues: http://github.com/node-pomelo/pomelo/issues\n  * Tags: node.js, game, pomelo\n\n## Viewing demos\n\n * Visit the [online demo game](http://nodejs.netease.com/lordofpomelo)\n * or you can visit [demo game github](http://github.com/node-pomelo/lordofpomelo)to get the source code and install it on your local machine.\n\n## Features\n\n  * Built on [socket.io] (https://github.com/LearnBoost/socket.io.git)\n  * Scalable multi-process architecture, area based partition\n  * Easy to scale and extend servers, almost zero config for adding new type of servers\n  * Easy client server communication, zero config for client server request and response with websocket\n  * Easy channel management and api for broadcasting, multicasting\n  * Simple rpc framework for communication between multiple servers, zero config\n  * Focus on scalability and high performance,  proved handling more than 2000 online users each area, with real world MMO logic, each request less than 200ms.\n  * Full stack of libraries for MMO game development, including ai, aoi(area of interest), scheduler, data-sync, etc.\n  * Admin console for managing servers, online users and performance profiler etc.\n\n## Installation\n  $ npm install -g pomelo\n\n## QuickStart\n\nThe quickest way to get started with pomelo is to utilize the executable `pomelo` to generate an application as shown below:\n\n Create the app:\n\n  $ npm install -g pomelo\n  $ pomelo init /tmp/foo && cd /tmp/foo\n\n Install dependencies:\n\n  $ npm install -d\n\n Start the servers:\n\n  $ pomelo start\n\n Stop the servers:\n\n  $ pomelo stop\n\n\n\n## License\n\n(The MIT License)\n\nCopyright (c) 2012 Netease, Inc. and other contributors\n\nPermission is hereby granted, free of charge, to any person obtaining\na copy of this software and associated documentation files (the\n\'Software\'), to deal in the Software without restriction, including\nwithout limitation the rights to use, copy, modify, merge, publish,\ndistribute, sublicense, and/or sell copies of the Software, and to\npermit persons to whom the Software is furnished to do so, subject to\nthe following conditions:\n\nThe above copyright notice and this permission notice shall be\nincluded in all copies or substantial portions of the Software.\n\nTHE SOFTWARE IS PROVIDED \'AS IS\', WITHOUT WARRANTY OF ANY KIND,\nEXPRESS OR IMPLIED, INCLUDING BUT NOT LIMITED TO THE WARRANTIES OF\nMERCHANTABILITY, FITNESS FOR A PARTICULAR PURPOSE AND NONINFRINGEMENT.\nIN NO EVENT SHALL THE AUTHORS OR COPYRIGHT HOLDERS BE LIABLE FOR ANY\nCLAIM, DAMAGES OR OTHER LIABILITY, WHETHER IN AN ACTION OF CONTRACT,\nTORT OR OTHERWISE, ARISING FROM, OUT OF OR IN CONNECTION WITH THE\nSOFTWARE OR THE USE OR OTHER DEALINGS IN THE SOFTWARE.\n',
288 silly publish   _id: 'pomelo@0.1.81',
288 silly publish   description: 'Fast, scalable game server framework for  [node](http://nodejs.org). Pomelo provides a full stack of game(especially MMO) server development infrastructure, including framework, libraries and tools.',
288 silly publish   dist: { shasum: '647bc832980ed01f098f1c5c1d602690815d29ee' } }
289 verbose url raw pomelo
290 verbose url resolving [ 'http://192.168.147.207:5984/ntsregistry/_design/app/_rewrite/',
290 verbose url resolving   './pomelo' ]
291 verbose url resolved http://192.168.147.207:5984/ntsregistry/_design/app/_rewrite/pomelo
292 info retry registry request attempt 1 at 14:50:09
293 http PUT http://192.168.147.207:5984/ntsregistry/_design/app/_rewrite/pomelo
294 http 409 http://192.168.147.207:5984/ntsregistry/_design/app/_rewrite/pomelo
295 verbose url raw pomelo
296 verbose url resolving [ 'http://192.168.147.207:5984/ntsregistry/_design/app/_rewrite/',
296 verbose url resolving   './pomelo' ]
297 verbose url resolved http://192.168.147.207:5984/ntsregistry/_design/app/_rewrite/pomelo
298 info retry registry request attempt 1 at 14:50:09
299 http GET http://192.168.147.207:5984/ntsregistry/_design/app/_rewrite/pomelo
300 http 200 http://192.168.147.207:5984/ntsregistry/_design/app/_rewrite/pomelo
301 warn publish Forced publish over pomelo@0.1.81
302 verbose url raw pomelo
303 verbose url resolving [ 'http://192.168.147.207:5984/ntsregistry/_design/app/_rewrite/',
303 verbose url resolving   './pomelo' ]
304 verbose url resolved http://192.168.147.207:5984/ntsregistry/_design/app/_rewrite/pomelo
305 info retry registry request attempt 1 at 14:50:10
306 verbose etag "DI5AD8Y7YMG7PQ3RG8KLJZ56G"
307 http GET http://192.168.147.207:5984/ntsregistry/_design/app/_rewrite/pomelo
308 http 200 http://192.168.147.207:5984/ntsregistry/_design/app/_rewrite/pomelo
309 silly registry.get cb [ 200,
309 silly registry.get   { vary: 'Accept',
309 silly registry.get     server: 'CouchDB/1.2.0 (Erlang OTP/R14B04)',
309 silly registry.get     etag: '"OPE255I1KHEZS8FBURRM70XA"',
309 silly registry.get     date: 'Fri, 19 Oct 2012 06:49:58 GMT',
309 silly registry.get     'content-type': 'application/json',
309 silly registry.get     'content-length': '262464' } ]
310 verbose unpublish removing attachments { shasum: '25f6b8a80a3d07ecc322d7a686b1e2c707a3185d',
310 verbose unpublish   tarball: 'http://192.168.147.207:5984/ntsregistry/_design/app/_rewrite/pomelo/-/pomelo-0.1.81.tgz' }
311 verbose url raw pomelo/-rev/255-7937a2defe8daadd7dc5268f869d333b
312 verbose url resolving [ 'http://192.168.147.207:5984/ntsregistry/_design/app/_rewrite/',
312 verbose url resolving   './pomelo/-rev/255-7937a2defe8daadd7dc5268f869d333b' ]
313 verbose url resolved http://192.168.147.207:5984/ntsregistry/_design/app/_rewrite/pomelo/-rev/255-7937a2defe8daadd7dc5268f869d333b
314 info retry registry request attempt 1 at 14:50:10
315 http PUT http://192.168.147.207:5984/ntsregistry/_design/app/_rewrite/pomelo/-rev/255-7937a2defe8daadd7dc5268f869d333b
316 http 403 http://192.168.147.207:5984/ntsregistry/_design/app/_rewrite/pomelo/-rev/255-7937a2defe8daadd7dc5268f869d333b
317 error unpublish Failed to update data
318 verbose publish [ '.' ]
319 verbose from cache /home/chang/program/mygit/pomelo-core/package.json
320 verbose cache add [ '.', null ]
321 silly cache add name=undefined spec="." args=[".",null]
322 verbose parsed url { pathname: '.', path: '.', href: '.' }
323 silly lockFile 3a52ce78- .
324 verbose lock . /home/chang/.npm/3a52ce78-.lock
325 verbose from cache package.json
326 verbose tar pack [ '/home/chang/tmp/npm-14262/1350629410640-0.5374688853044063/tmp.tgz',
326 verbose tar pack   '.' ]
327 verbose tarball /home/chang/tmp/npm-14262/1350629410640-0.5374688853044063/tmp.tgz
328 verbose folder .
329 info prepublish pomelo@0.1.81
330 silly lockFile 8ec7a931-10640-0-5374688853044063-tmp-tgz /home/chang/tmp/npm-14262/1350629410640-0.5374688853044063/tmp.tgz
331 verbose lock /home/chang/tmp/npm-14262/1350629410640-0.5374688853044063/tmp.tgz /home/chang/.npm/8ec7a931-10640-0-5374688853044063-tmp-tgz.lock
332 silly lockFile 8ec7a931-10640-0-5374688853044063-tmp-tgz /home/chang/tmp/npm-14262/1350629410640-0.5374688853044063/tmp.tgz
333 verbose tar unpack /home/chang/tmp/npm-14262/1350629410640-0.5374688853044063/tmp.tgz
334 silly lockFile 35fd1f07-10640-0-5374688853044063-package /home/chang/tmp/npm-14262/1350629410640-0.5374688853044063/package
335 verbose lock /home/chang/tmp/npm-14262/1350629410640-0.5374688853044063/package /home/chang/.npm/35fd1f07-10640-0-5374688853044063-package.lock
336 silly gunzTarPerm modes [ '777', '666' ]
337 silly gunzTarPerm extractEntry package.json
338 silly gunzTarPerm modified mode [ 'package.json', 436, 438 ]
339 silly gunzTarPerm extractEntry README.md
340 silly gunzTarPerm modified mode [ 'README.md', 436, 438 ]
341 silly gunzTarPerm extractEntry LICENSE
342 silly gunzTarPerm modified mode [ 'LICENSE', 436, 438 ]
343 silly gunzTarPerm extractEntry index.js
344 silly gunzTarPerm modified mode [ 'index.js', 436, 438 ]
345 silly gunzTarPerm extractEntry template/web-server/package.json
346 silly gunzTarPerm modified mode [ 'template/web-server/package.json', 436, 438 ]
347 silly gunzTarPerm extractEntry template/web-server/app.js
348 silly gunzTarPerm modified mode [ 'template/web-server/app.js', 436, 438 ]
349 silly gunzTarPerm extractEntry template/web-server/public/css/base.css
350 silly gunzTarPerm modified mode [ 'template/web-server/public/css/base.css', 436, 438 ]
351 silly gunzTarPerm extractEntry template/web-server/public/image/sp.png
352 silly gunzTarPerm modified mode [ 'template/web-server/public/image/sp.png', 436, 438 ]
353 silly gunzTarPerm extractEntry template/web-server/public/image/logo.png
354 silly gunzTarPerm modified mode [ 'template/web-server/public/image/logo.png', 436, 438 ]
355 silly gunzTarPerm extractEntry template/web-server/public/index.html
356 silly gunzTarPerm modified mode [ 'template/web-server/public/index.html', 436, 438 ]
357 silly gunzTarPerm extractEntry template/web-server/public/js/lib/socket.io.js
358 silly gunzTarPerm modified mode [ 'template/web-server/public/js/lib/socket.io.js', 436, 438 ]
359 silly gunzTarPerm extractEntry template/web-server/public/js/lib/protocol.js
360 silly gunzTarPerm modified mode [ 'template/web-server/public/js/lib/protocol.js', 436, 438 ]
361 silly gunzTarPerm extractEntry template/web-server/public/js/lib/pomeloclient.js
362 silly gunzTarPerm modified mode [ 'template/web-server/public/js/lib/pomeloclient.js', 436, 438 ]
363 silly gunzTarPerm extractEntry template/web-server/public/js/lib/events.js
364 silly gunzTarPerm modified mode [ 'template/web-server/public/js/lib/events.js', 436, 438 ]
365 silly gunzTarPerm extractEntry template/game-server/package.json
366 silly gunzTarPerm modified mode [ 'template/game-server/package.json', 436, 438 ]
367 silly gunzTarPerm extractEntry template/game-server/app.js
368 silly gunzTarPerm modified mode [ 'template/game-server/app.js', 436, 438 ]
369 silly gunzTarPerm extractEntry template/game-server/config/master.json
370 silly gunzTarPerm modified mode [ 'template/game-server/config/master.json', 436, 438 ]
371 silly gunzTarPerm extractEntry template/game-server/config/log4js.json
372 silly gunzTarPerm modified mode [ 'template/game-server/config/log4js.json', 436, 438 ]
373 silly gunzTarPerm extractEntry template/game-server/config/servers.json
374 silly gunzTarPerm modified mode [ 'template/game-server/config/servers.json', 436, 438 ]
375 silly gunzTarPerm extractEntry template/npm-install.sh
376 silly gunzTarPerm modified mode [ 'template/npm-install.sh', 509, 511 ]
377 silly gunzTarPerm extractEntry lib/index.js
378 silly gunzTarPerm modified mode [ 'lib/index.js', 436, 438 ]
379 silly gunzTarPerm extractEntry lib/pomelo.js
380 silly gunzTarPerm modified mode [ 'lib/pomelo.js', 436, 438 ]
381 silly gunzTarPerm extractEntry lib/handlerManager.js
382 silly gunzTarPerm modified mode [ 'lib/handlerManager.js', 436, 438 ]
383 silly gunzTarPerm extractEntry lib/filterManager.js
384 silly gunzTarPerm modified mode [ 'lib/filterManager.js', 436, 438 ]
385 silly gunzTarPerm extractEntry lib/application.js
386 silly gunzTarPerm modified mode [ 'lib/application.js', 436, 438 ]
387 silly gunzTarPerm extractEntry lib/util/log.js
388 silly gunzTarPerm modified mode [ 'lib/util/log.js', 436, 438 ]
389 silly gunzTarPerm extractEntry lib/util/msgUtil.js
390 silly gunzTarPerm modified mode [ 'lib/util/msgUtil.js', 436, 438 ]
391 silly gunzTarPerm extractEntry lib/util/countDownLatch.js
392 silly gunzTarPerm modified mode [ 'lib/util/countDownLatch.js', 436, 438 ]
393 silly gunzTarPerm extractEntry lib/util/protocol.js
394 silly gunzTarPerm modified mode [ 'lib/util/protocol.js', 436, 438 ]
395 silly gunzTarPerm extractEntry lib/util/utils.js
396 silly gunzTarPerm modified mode [ 'lib/util/utils.js', 436, 438 ]
397 silly gunzTarPerm extractEntry lib/util/pathUtil.js
398 silly gunzTarPerm modified mode [ 'lib/util/pathUtil.js', 436, 438 ]
399 silly gunzTarPerm extractEntry lib/common/service/mockSessionService.js
400 silly gunzTarPerm modified mode [ 'lib/common/service/mockSessionService.js', 436, 438 ]
401 silly gunzTarPerm extractEntry lib/common/service/channelService.js
402 silly gunzTarPerm modified mode [ 'lib/common/service/channelService.js', 436, 438 ]
403 silly gunzTarPerm extractEntry lib/common/service/connectionService.js
404 silly gunzTarPerm modified mode [ 'lib/common/service/connectionService.js', 436, 438 ]
405 silly gunzTarPerm extractEntry lib/common/service/channelManager.js
406 silly gunzTarPerm modified mode [ 'lib/common/service/channelManager.js', 436, 438 ]
407 silly gunzTarPerm extractEntry lib/common/service/schedulerService.js
408 silly gunzTarPerm modified mode [ 'lib/common/service/schedulerService.js', 436, 438 ]
409 silly gunzTarPerm extractEntry lib/common/service/taskManager.js
410 silly gunzTarPerm modified mode [ 'lib/common/service/taskManager.js', 436, 438 ]
411 silly gunzTarPerm extractEntry lib/common/service/sessionService.js
412 silly gunzTarPerm modified mode [ 'lib/common/service/sessionService.js', 436, 438 ]
413 silly gunzTarPerm extractEntry lib/common/remote/frontend/channelRemote.js
414 silly gunzTarPerm modified mode [ 'lib/common/remote/frontend/channelRemote.js', 436, 438 ]
415 silly gunzTarPerm extractEntry lib/common/remote/frontend/sessionRemote.js
416 silly gunzTarPerm modified mode [ 'lib/common/remote/frontend/sessionRemote.js', 436, 438 ]
417 silly gunzTarPerm extractEntry lib/common/remote/backend/msgRemote.js
418 silly gunzTarPerm modified mode [ 'lib/common/remote/backend/msgRemote.js', 436, 438 ]
419 silly gunzTarPerm extractEntry lib/modules/starter.js
420 silly gunzTarPerm modified mode [ 'lib/modules/starter.js', 436, 438 ]
421 silly gunzTarPerm extractEntry lib/client/client.js
422 silly gunzTarPerm modified mode [ 'lib/client/client.js', 436, 438 ]
423 silly gunzTarPerm extractEntry lib/master/starter.js
424 silly gunzTarPerm modified mode [ 'lib/master/starter.js', 436, 438 ]
425 silly gunzTarPerm extractEntry lib/master/master.js
426 silly gunzTarPerm modified mode [ 'lib/master/master.js', 436, 438 ]
427 silly gunzTarPerm extractEntry lib/components/server.js
428 silly gunzTarPerm modified mode [ 'lib/components/server.js', 436, 438 ]
429 silly gunzTarPerm extractEntry lib/components/remote.js
430 silly gunzTarPerm modified mode [ 'lib/components/remote.js', 436, 438 ]
431 silly gunzTarPerm extractEntry lib/components/proxy.js
432 silly gunzTarPerm modified mode [ 'lib/components/proxy.js', 436, 438 ]
433 silly gunzTarPerm extractEntry lib/components/connection.js
434 silly gunzTarPerm modified mode [ 'lib/components/connection.js', 436, 438 ]
435 silly gunzTarPerm extractEntry lib/components/handler.js
436 silly gunzTarPerm modified mode [ 'lib/components/handler.js', 436, 438 ]
437 silly gunzTarPerm extractEntry lib/components/monitor.js
438 silly gunzTarPerm modified mode [ 'lib/components/monitor.js', 436, 438 ]
439 silly gunzTarPerm extractEntry lib/components/master.js
440 silly gunzTarPerm modified mode [ 'lib/components/master.js', 436, 438 ]
441 silly gunzTarPerm extractEntry lib/components/sync.js
442 silly gunzTarPerm modified mode [ 'lib/components/sync.js', 436, 438 ]
443 silly gunzTarPerm extractEntry lib/filters/handler/timeFilter.js
444 silly gunzTarPerm modified mode [ 'lib/filters/handler/timeFilter.js', 436, 438 ]
445 silly gunzTarPerm extractEntry lib/filters/handler/serialFilter.js
446 silly gunzTarPerm modified mode [ 'lib/filters/handler/serialFilter.js', 436, 438 ]
447 silly gunzTarPerm extractEntry lib/filters/handler/timeoutFilter.js
448 silly gunzTarPerm modified mode [ 'lib/filters/handler/timeoutFilter.js', 436, 438 ]
449 silly gunzTarPerm extractEntry lib/filters/rpc/rpcLogFilter.js
450 silly gunzTarPerm modified mode [ 'lib/filters/rpc/rpcLogFilter.js', 436, 438 ]
451 silly gunzTarPerm extractEntry lib/server/server.js
452 silly gunzTarPerm modified mode [ 'lib/server/server.js', 436, 438 ]
453 silly gunzTarPerm extractEntry lib/monitor/monitor.js
454 silly gunzTarPerm modified mode [ 'lib/monitor/monitor.js', 436, 438 ]
455 silly gunzTarPerm extractEntry bin/pomelo
456 silly gunzTarPerm modified mode [ 'bin/pomelo', 509, 511 ]
457 silly gunzTarPerm extractEntry test/pomeloTest.js
458 silly gunzTarPerm modified mode [ 'test/pomeloTest.js', 436, 438 ]
459 silly gunzTarPerm extractEntry test/handlerManagerTest.js
460 silly gunzTarPerm modified mode [ 'test/handlerManagerTest.js', 436, 438 ]
461 silly gunzTarPerm extractEntry test/applicationTest.js
462 silly gunzTarPerm modified mode [ 'test/applicationTest.js', 436, 438 ]
463 silly gunzTarPerm extractEntry test/filterManagerTest.js
464 silly gunzTarPerm modified mode [ 'test/filterManagerTest.js', 436, 438 ]
465 silly gunzTarPerm extractEntry test/service/channelManagerTest.js
466 silly gunzTarPerm modified mode [ 'test/service/channelManagerTest.js', 436, 438 ]
467 silly gunzTarPerm extractEntry test/service/mockSessionServiceTest.js
468 silly gunzTarPerm modified mode [ 'test/service/mockSessionServiceTest.js', 436, 438 ]
469 silly gunzTarPerm extractEntry test/service/sessionServiceTest.js
470 silly gunzTarPerm modified mode [ 'test/service/sessionServiceTest.js', 436, 438 ]
471 silly gunzTarPerm extractEntry test/service/statusServiceTest.js
472 silly gunzTarPerm modified mode [ 'test/service/statusServiceTest.js', 436, 438 ]
473 silly gunzTarPerm extractEntry test/config/log4js.json
474 silly gunzTarPerm modified mode [ 'test/config/log4js.json', 436, 438 ]
475 silly gunzTarPerm extractEntry test/config/servers.json
476 silly gunzTarPerm modified mode [ 'test/config/servers.json', 436, 438 ]
477 silly gunzTarPerm extractEntry test/config/area/handler/userHandler.js
478 silly gunzTarPerm modified mode [ 'test/config/area/handler/userHandler.js', 436, 438 ]
479 silly gunzTarPerm extractEntry test/config/area/handler/treasureHandler.js
480 silly gunzTarPerm modified mode [ 'test/config/area/handler/treasureHandler.js', 436, 438 ]
481 silly gunzTarPerm extractEntry test/config/area/remote/treasureService.js
482 silly gunzTarPerm modified mode [ 'test/config/area/remote/treasureService.js', 436, 438 ]
483 silly gunzTarPerm extractEntry test/config/area/remote/userService.js
484 silly gunzTarPerm modified mode [ 'test/config/area/remote/userService.js', 436, 438 ]
485 silly gunzTarPerm extractEntry test/util/countDownLatchTest.js
486 silly gunzTarPerm modified mode [ 'test/util/countDownLatchTest.js', 436, 438 ]
487 silly gunzTarPerm extractEntry test/util/logTest.js
488 silly gunzTarPerm modified mode [ 'test/util/logTest.js', 436, 438 ]
489 silly gunzTarPerm extractEntry Makefile
490 silly gunzTarPerm modified mode [ 'Makefile', 436, 438 ]
491 silly gunzTarPerm extractEntry scripts/getServerId.js
492 silly gunzTarPerm modified mode [ 'scripts/getServerId.js', 436, 438 ]
493 silly gunzTarPerm extractEntry scripts/getSenceUser.js
494 silly gunzTarPerm modified mode [ 'scripts/getSenceUser.js', 436, 438 ]
495 silly gunzTarPerm extractEntry scripts/getSystemInfo.js
496 silly gunzTarPerm modified mode [ 'scripts/getSystemInfo.js', 436, 438 ]
497 verbose read json /home/chang/tmp/npm-14262/1350629410640-0.5374688853044063/package/package.json
498 silly lockFile 35fd1f07-10640-0-5374688853044063-package /home/chang/tmp/npm-14262/1350629410640-0.5374688853044063/package
499 verbose from cache /home/chang/tmp/npm-14262/1350629410640-0.5374688853044063/package/package.json
500 verbose tar pack [ '/home/chang/.npm/pomelo/0.1.81/package.tgz',
500 verbose tar pack   '/home/chang/tmp/npm-14262/1350629410640-0.5374688853044063/package' ]
501 verbose tarball /home/chang/.npm/pomelo/0.1.81/package.tgz
502 verbose folder /home/chang/tmp/npm-14262/1350629410640-0.5374688853044063/package
503 silly lockFile 99531ad0-ng-npm-pomelo-0-1-81-package-tgz /home/chang/.npm/pomelo/0.1.81/package.tgz
504 verbose lock /home/chang/.npm/pomelo/0.1.81/package.tgz /home/chang/.npm/99531ad0-ng-npm-pomelo-0-1-81-package-tgz.lock
505 silly lockFile 99531ad0-ng-npm-pomelo-0-1-81-package-tgz /home/chang/.npm/pomelo/0.1.81/package.tgz
506 silly lockFile 86c482a4--chang-npm-pomelo-0-1-81-package /home/chang/.npm/pomelo/0.1.81/package
507 verbose lock /home/chang/.npm/pomelo/0.1.81/package /home/chang/.npm/86c482a4--chang-npm-pomelo-0-1-81-package.lock
508 silly lockFile 86c482a4--chang-npm-pomelo-0-1-81-package /home/chang/.npm/pomelo/0.1.81/package
509 verbose tar unpack /home/chang/.npm/pomelo/0.1.81/package.tgz
510 silly lockFile 86c482a4--chang-npm-pomelo-0-1-81-package /home/chang/.npm/pomelo/0.1.81/package
511 verbose lock /home/chang/.npm/pomelo/0.1.81/package /home/chang/.npm/86c482a4--chang-npm-pomelo-0-1-81-package.lock
512 silly gunzTarPerm modes [ '777', '666' ]
513 silly gunzTarPerm extractEntry package.json
514 silly gunzTarPerm extractEntry README.md
515 silly gunzTarPerm extractEntry LICENSE
516 silly gunzTarPerm extractEntry index.js
517 silly gunzTarPerm extractEntry scripts/getServerId.js
518 silly gunzTarPerm extractEntry scripts/getSenceUser.js
519 silly gunzTarPerm extractEntry scripts/getSystemInfo.js
520 silly gunzTarPerm extractEntry lib/index.js
521 silly gunzTarPerm extractEntry lib/pomelo.js
522 silly gunzTarPerm extractEntry lib/handlerManager.js
523 silly gunzTarPerm extractEntry lib/filterManager.js
524 silly gunzTarPerm extractEntry lib/application.js
525 silly gunzTarPerm extractEntry lib/util/log.js
526 silly gunzTarPerm extractEntry lib/util/msgUtil.js
527 silly gunzTarPerm extractEntry lib/util/countDownLatch.js
528 silly gunzTarPerm extractEntry lib/util/protocol.js
529 silly gunzTarPerm extractEntry lib/util/utils.js
530 silly gunzTarPerm extractEntry lib/util/pathUtil.js
531 silly gunzTarPerm extractEntry lib/common/service/mockSessionService.js
532 silly gunzTarPerm extractEntry lib/common/service/channelService.js
533 silly gunzTarPerm extractEntry lib/common/service/connectionService.js
534 silly gunzTarPerm extractEntry lib/common/service/channelManager.js
535 silly gunzTarPerm extractEntry lib/common/service/schedulerService.js
536 silly gunzTarPerm extractEntry lib/common/service/taskManager.js
537 silly gunzTarPerm extractEntry lib/common/service/sessionService.js
538 silly gunzTarPerm extractEntry lib/common/remote/frontend/channelRemote.js
539 silly gunzTarPerm extractEntry lib/common/remote/frontend/sessionRemote.js
540 silly gunzTarPerm extractEntry lib/common/remote/backend/msgRemote.js
541 silly gunzTarPerm extractEntry lib/modules/starter.js
542 silly gunzTarPerm extractEntry lib/client/client.js
543 silly gunzTarPerm extractEntry lib/master/starter.js
544 silly gunzTarPerm extractEntry lib/master/master.js
545 silly gunzTarPerm extractEntry lib/components/server.js
546 silly gunzTarPerm extractEntry lib/components/remote.js
547 silly gunzTarPerm extractEntry lib/components/proxy.js
548 silly gunzTarPerm extractEntry lib/components/connection.js
549 silly gunzTarPerm extractEntry lib/components/handler.js
550 silly gunzTarPerm extractEntry lib/components/monitor.js
551 silly gunzTarPerm extractEntry lib/components/master.js
552 silly gunzTarPerm extractEntry lib/components/sync.js
553 silly gunzTarPerm extractEntry lib/filters/handler/timeFilter.js
554 silly gunzTarPerm extractEntry lib/filters/handler/serialFilter.js
555 silly gunzTarPerm extractEntry lib/filters/handler/timeoutFilter.js
556 silly gunzTarPerm extractEntry lib/filters/rpc/rpcLogFilter.js
557 silly gunzTarPerm extractEntry lib/server/server.js
558 silly gunzTarPerm extractEntry lib/monitor/monitor.js
559 silly gunzTarPerm extractEntry Makefile
560 silly gunzTarPerm extractEntry template/web-server/package.json
561 silly gunzTarPerm extractEntry template/web-server/app.js
562 silly gunzTarPerm extractEntry template/web-server/public/css/base.css
563 silly gunzTarPerm extractEntry template/web-server/public/image/sp.png
564 silly gunzTarPerm extractEntry template/web-server/public/image/logo.png
565 silly gunzTarPerm extractEntry template/web-server/public/index.html
566 silly gunzTarPerm extractEntry template/web-server/public/js/lib/socket.io.js
567 silly gunzTarPerm extractEntry template/web-server/public/js/lib/protocol.js
568 silly gunzTarPerm extractEntry template/web-server/public/js/lib/pomeloclient.js
569 silly gunzTarPerm extractEntry template/web-server/public/js/lib/events.js
570 silly gunzTarPerm extractEntry template/game-server/package.json
571 silly gunzTarPerm extractEntry template/game-server/app.js
572 silly gunzTarPerm extractEntry template/game-server/config/master.json
573 silly gunzTarPerm extractEntry template/game-server/config/log4js.json
574 silly gunzTarPerm extractEntry template/game-server/config/servers.json
575 silly gunzTarPerm extractEntry template/npm-install.sh
576 silly gunzTarPerm extractEntry bin/pomelo
577 silly gunzTarPerm extractEntry test/pomeloTest.js
578 silly gunzTarPerm extractEntry test/handlerManagerTest.js
579 silly gunzTarPerm extractEntry test/applicationTest.js
580 silly gunzTarPerm extractEntry test/filterManagerTest.js
581 silly gunzTarPerm extractEntry test/service/channelManagerTest.js
582 silly gunzTarPerm extractEntry test/service/mockSessionServiceTest.js
583 silly gunzTarPerm extractEntry test/service/sessionServiceTest.js
584 silly gunzTarPerm extractEntry test/service/statusServiceTest.js
585 silly gunzTarPerm extractEntry test/config/log4js.json
586 silly gunzTarPerm extractEntry test/config/servers.json
587 silly gunzTarPerm extractEntry test/config/area/handler/userHandler.js
588 silly gunzTarPerm extractEntry test/config/area/handler/treasureHandler.js
589 silly gunzTarPerm extractEntry test/config/area/remote/treasureService.js
590 silly gunzTarPerm extractEntry test/config/area/remote/userService.js
591 silly gunzTarPerm extractEntry test/util/countDownLatchTest.js
592 silly gunzTarPerm extractEntry test/util/logTest.js
593 verbose from cache /home/chang/.npm/pomelo/0.1.81/package/package.json
594 silly lockFile 86c482a4--chang-npm-pomelo-0-1-81-package /home/chang/.npm/pomelo/0.1.81/package
595 silly shasum updated bytes 40960
596 silly shasum updated bytes 33684
597 info shasum 647bc832980ed01f098f1c5c1d602690815d29ee
597 info shasum /home/chang/.npm/pomelo/0.1.81/package.tgz
598 verbose from cache /home/chang/.npm/pomelo/0.1.81/package/package.json
599 verbose chmod /home/chang/.npm/pomelo/0.1.81/package.tgz 666
600 verbose chown /home/chang/.npm/pomelo/0.1.81/package.tgz [ 1000, 1000 ]
601 silly lockFile 3a52ce78- .
602 silly publish { name: 'pomelo',
602 silly publish   version: '0.1.81',
602 silly publish   private: false,
602 silly publish   dependencies:
602 silly publish    { express: '2.5.2',
602 silly publish      log4js: '>= 0.4.1',
602 silly publish      'socket.io': '>=0.9.4',
602 silly publish      'pomelo-schedule': '>=0.3.3',
602 silly publish      'pomelo-monitor': '>=0.2.7',
602 silly publish      'aoi-service': '=0.1.2',
602 silly publish      'data-sync': '>=0.0.13',
602 silly publish      'v8-profiler': '>=3.6.2-1',
602 silly publish      'generic-pool': '>=1.0.9',
602 silly publish      async: '>=0.0.1',
602 silly publish      'seq-queue': '>=0.0.4',
602 silly publish      underscore: '>=1.3.1',
602 silly publish      'socket.io-client': '>=0.9.4',
602 silly publish      crc: '>=0.0.1',
602 silly publish      'pomelo-loader': '>=0.0.4',
602 silly publish      'pomelo-rpc': '>=0.0.10',
602 silly publish      'pomelo-protocol': '>=0.0.3',
602 silly publish      'pomelo-admin': '>=0.0.1',
602 silly publish      'pomelo-logger': '0.0.2' },
602 silly publish   bin: { pomelo: './bin/pomelo' },
602 silly publish   devDependencies: { should: '>=0.0.1', mocha: '>=0.0.1' },
602 silly publish   readme: '## pomelo - a Short Description\n\nFast, scalable game server framework for  [node](http://nodejs.org).\nPomelo provides a full stack of game(especially MMO) server development infrastructure, including framework, libraries and tools.\n\n  * Homepage: http://nodejs.netease.com/pomelo\n  * Mailing list: http://groups.google.com/group/pomelo\n  * Documentation: http://node.js.netease.com/pomelo/doc\n  * go to [main site](http://nodejs.netease.com/pomelo) for more information\n  * Wiki: http://github.com/node-pomelo/pomelo/wiki\n  * Issues: http://github.com/node-pomelo/pomelo/issues\n  * Tags: node.js, game, pomelo\n\n## Viewing demos\n\n * Visit the [online demo game](http://nodejs.netease.com/lordofpomelo)\n * or you can visit [demo game github](http://github.com/node-pomelo/lordofpomelo)to get the source code and install it on your local machine.\n\n## Features\n\n  * Built on [socket.io] (https://github.com/LearnBoost/socket.io.git)\n  * Scalable multi-process architecture, area based partition\n  * Easy to scale and extend servers, almost zero config for adding new type of servers\n  * Easy client server communication, zero config for client server request and response with websocket\n  * Easy channel management and api for broadcasting, multicasting\n  * Simple rpc framework for communication between multiple servers, zero config\n  * Focus on scalability and high performance,  proved handling more than 2000 online users each area, with real world MMO logic, each request less than 200ms.\n  * Full stack of libraries for MMO game development, including ai, aoi(area of interest), scheduler, data-sync, etc.\n  * Admin console for managing servers, online users and performance profiler etc.\n\n## Installation\n  $ npm install -g pomelo\n\n## QuickStart\n\nThe quickest way to get started with pomelo is to utilize the executable `pomelo` to generate an application as shown below:\n\n Create the app:\n\n  $ npm install -g pomelo\n  $ pomelo init /tmp/foo && cd /tmp/foo\n\n Install dependencies:\n\n  $ npm install -d\n\n Start the servers:\n\n  $ pomelo start\n\n Stop the servers:\n\n  $ pomelo stop\n\n\n\n## License\n\n(The MIT License)\n\nCopyright (c) 2012 Netease, Inc. and other contributors\n\nPermission is hereby granted, free of charge, to any person obtaining\na copy of this software and associated documentation files (the\n\'Software\'), to deal in the Software without restriction, including\nwithout limitation the rights to use, copy, modify, merge, publish,\ndistribute, sublicense, and/or sell copies of the Software, and to\npermit persons to whom the Software is furnished to do so, subject to\nthe following conditions:\n\nThe above copyright notice and this permission notice shall be\nincluded in all copies or substantial portions of the Software.\n\nTHE SOFTWARE IS PROVIDED \'AS IS\', WITHOUT WARRANTY OF ANY KIND,\nEXPRESS OR IMPLIED, INCLUDING BUT NOT LIMITED TO THE WARRANTIES OF\nMERCHANTABILITY, FITNESS FOR A PARTICULAR PURPOSE AND NONINFRINGEMENT.\nIN NO EVENT SHALL THE AUTHORS OR COPYRIGHT HOLDERS BE LIABLE FOR ANY\nCLAIM, DAMAGES OR OTHER LIABILITY, WHETHER IN AN ACTION OF CONTRACT,\nTORT OR OTHERWISE, ARISING FROM, OUT OF OR IN CONNECTION WITH THE\nSOFTWARE OR THE USE OR OTHER DEALINGS IN THE SOFTWARE.\n',
602 silly publish   _id: 'pomelo@0.1.81',
602 silly publish   description: 'Fast, scalable game server framework for  [node](http://nodejs.org). Pomelo provides a full stack of game(especially MMO) server development infrastructure, including framework, libraries and tools.',
602 silly publish   dist:
602 silly publish    { shasum: '647bc832980ed01f098f1c5c1d602690815d29ee',
602 silly publish      tarball: 'http://192.168.147.207:5984/ntsregistry/_design/app/_rewrite/pomelo/-/pomelo-0.1.81.tgz' },
602 silly publish   _npmVersion: '1.1.59',
602 silly publish   _npmUser: { name: 'chang', email: 'changchang005@gmail.com' } }
603 verbose url raw pomelo
604 verbose url resolving [ 'http://192.168.147.207:5984/ntsregistry/_design/app/_rewrite/',
604 verbose url resolving   './pomelo' ]
605 verbose url resolved http://192.168.147.207:5984/ntsregistry/_design/app/_rewrite/pomelo
606 info retry registry request attempt 1 at 14:50:11
607 http PUT http://192.168.147.207:5984/ntsregistry/_design/app/_rewrite/pomelo
608 http 409 http://192.168.147.207:5984/ntsregistry/_design/app/_rewrite/pomelo
609 verbose url raw pomelo
610 verbose url resolving [ 'http://192.168.147.207:5984/ntsregistry/_design/app/_rewrite/',
610 verbose url resolving   './pomelo' ]
611 verbose url resolved http://192.168.147.207:5984/ntsregistry/_design/app/_rewrite/pomelo
612 info retry registry request attempt 1 at 14:50:11
613 http GET http://192.168.147.207:5984/ntsregistry/_design/app/_rewrite/pomelo
614 http 200 http://192.168.147.207:5984/ntsregistry/_design/app/_rewrite/pomelo
615 error publish fail Cannot publish over existing version.
615 error publish fail Bump the 'version' field, set the --force flag, or
615 error publish fail     npm unpublish 'pomelo@0.1.81'
615 error publish fail and try again
616 error System Linux 3.2.0-23-generic
617 error command "node" "/usr/local/bin/npm" "publish" "." "--force"
618 error cwd /home/chang/program/mygit/pomelo-core
619 error node -v v0.8.6
620 error npm -v 1.1.59
621 error code EPUBLISHCONFLICT
622 verbose exit [ 1, true ]
